0 info it worked if it ends with ok
1 verbose cli [ 'node',
1 verbose cli   '/usr/local/bin/npm',
1 verbose cli   'install',
1 verbose cli   '-g',
1 verbose cli   'express-generator@4' ]
2 info using npm@1.4.21
3 info using node@v0.10.30
4 verbose cache add [ 'express-generator@4', null ]
5 verbose cache add name=undefined spec="express-generator@4" args=["express-generator@4",null]
6 verbose parsed url { protocol: null,
6 verbose parsed url   slashes: null,
6 verbose parsed url   auth: null,
6 verbose parsed url   host: null,
6 verbose parsed url   port: null,
6 verbose parsed url   hostname: null,
6 verbose parsed url   hash: null,
6 verbose parsed url   search: null,
6 verbose parsed url   query: null,
6 verbose parsed url   pathname: 'express-generator@4',
6 verbose parsed url   path: 'express-generator@4',
6 verbose parsed url   href: 'express-generator@4' }
7 verbose cache add name="express-generator" spec="4" args=["express-generator","4"]
8 verbose parsed url { protocol: null,
8 verbose parsed url   slashes: null,
8 verbose parsed url   auth: null,
8 verbose parsed url   host: null,
8 verbose parsed url   port: null,
8 verbose parsed url   hostname: null,
8 verbose parsed url   hash: null,
8 verbose parsed url   search: null,
8 verbose parsed url   query: null,
8 verbose parsed url   pathname: '4',
8 verbose parsed url   path: '4',
8 verbose parsed url   href: '4' }
9 verbose addNamed [ 'express-generator', '4' ]
10 verbose addNamed [ null, '>=4.0.0-0 <5.0.0-0' ]
11 silly lockFile 1cb3188f-express-generator-4 express-generator@4
12 verbose lock express-generator@4 /Users/dsaewitz/.npm/1cb3188f-express-generator-4.lock
13 silly addNameRange { name: 'express-generator',
13 silly addNameRange   range: '>=4.0.0-0 <5.0.0-0',
13 silly addNameRange   hasData: false }
14 verbose request where is /express-generator
15 verbose request registry https://registry.npmjs.org/
16 verbose request id a277cd82a7e3fe34
17 verbose url raw /express-generator
18 verbose url resolving [ 'https://registry.npmjs.org/', './express-generator' ]
19 verbose url resolved https://registry.npmjs.org/express-generator
20 verbose request where is https://registry.npmjs.org/express-generator
21 info trying registry request attempt 1 at 23:43:58
22 http GET https://registry.npmjs.org/express-generator
23 http 200 https://registry.npmjs.org/express-generator
24 silly registry.get cb [ 200,
24 silly registry.get   { date: 'Wed, 13 Aug 2014 03:43:59 GMT',
24 silly registry.get     server: 'CouchDB/1.5.0 (Erlang OTP/R14B04)',
24 silly registry.get     etag: '"7KXO6EL3H63B9JSTGIEEX761Q"',
24 silly registry.get     'content-type': 'application/json',
24 silly registry.get     'cache-control': 'max-age=60',
24 silly registry.get     'content-length': '8872',
24 silly registry.get     'accept-ranges': 'bytes',
24 silly registry.get     via: '1.1 varnish',
24 silly registry.get     age: '38166',
24 silly registry.get     'x-served-by': 'cache-iad2128-IAD',
24 silly registry.get     'x-cache': 'HIT',
24 silly registry.get     'x-cache-hits': '1',
24 silly registry.get     'x-timer': 'S1407901439.511118,VS0,VE14',
24 silly registry.get     vary: 'Accept',
24 silly registry.get     'keep-alive': 'timeout=10, max=50',
24 silly registry.get     connection: 'Keep-Alive' } ]
25 silly addNameRange number 2 { name: 'express-generator',
25 silly addNameRange   range: '>=4.0.0-0 <5.0.0-0',
25 silly addNameRange   hasData: true }
26 silly addNameRange versions [ 'express-generator', [ '1.0.0', '3.0.0', '4.0.0', '4.2.0' ] ]
27 verbose addNamed [ 'express-generator', '4.2.0' ]
28 verbose addNamed [ '4.2.0', '4.2.0' ]
29 silly lockFile a399865e-express-generator-4-2-0 express-generator@4.2.0
30 verbose lock express-generator@4.2.0 /Users/dsaewitz/.npm/a399865e-express-generator-4-2-0.lock
31 silly lockFile ce1347ea-ator-express-generator-4-2-0-tgz https://registry.npmjs.org/express-generator/-/express-generator-4.2.0.tgz
32 verbose lock https://registry.npmjs.org/express-generator/-/express-generator-4.2.0.tgz /Users/dsaewitz/.npm/ce1347ea-ator-express-generator-4-2-0-tgz.lock
33 verbose addRemoteTarball [ 'https://registry.npmjs.org/express-generator/-/express-generator-4.2.0.tgz',
33 verbose addRemoteTarball   '98ede7b9d1cbab2ece9cd236511ab42f7bd9298a' ]
34 info retry fetch attempt 1 at 23:43:59
35 verbose fetch to= /var/folders/cg/87vy29d50rg8q410zslv2cj00000gn/T/npm-15726-MS3hJFq0/registry.npmjs.org/express-generator/-/express-generator-4.2.0.tgz
36 http GET https://registry.npmjs.org/express-generator/-/express-generator-4.2.0.tgz
37 http 200 https://registry.npmjs.org/express-generator/-/express-generator-4.2.0.tgz
38 silly lockFile ce1347ea-ator-express-generator-4-2-0-tgz https://registry.npmjs.org/express-generator/-/express-generator-4.2.0.tgz
39 silly lockFile ce1347ea-ator-express-generator-4-2-0-tgz https://registry.npmjs.org/express-generator/-/express-generator-4.2.0.tgz
40 silly lockFile a399865e-express-generator-4-2-0 express-generator@4.2.0
41 silly lockFile a399865e-express-generator-4-2-0 express-generator@4.2.0
42 silly lockFile 1cb3188f-express-generator-4 express-generator@4
43 silly lockFile 1cb3188f-express-generator-4 express-generator@4
44 silly resolved [ { name: 'express-generator',
44 silly resolved     description: 'Express\' application generator',
44 silly resolved     version: '4.2.0',
44 silly resolved     author: { name: 'TJ Holowaychuk', email: 'tj@vision-media.ca' },
44 silly resolved     contributors: [ [Object], [Object], [Object], [Object] ],
44 silly resolved     dependencies: { commander: '1.3.2', mkdirp: '0.3.5' },
44 silly resolved     keywords:
44 silly resolved      [ 'express',
44 silly resolved        'framework',
44 silly resolved        'sinatra',
44 silly resolved        'web',
44 silly resolved        'rest',
44 silly resolved        'restful',
44 silly resolved        'router',
44 silly resolved        'app',
44 silly resolved        'api' ],
44 silly resolved     repository: { type: 'git', url: 'git://github.com/expressjs/generator' },
44 silly resolved     main: 'bin/express',
44 silly resolved     bin: { express: './bin/express' },
44 silly resolved     engines: { node: '>= 0.8.0' },
44 silly resolved     bugs: { url: 'https://github.com/expressjs/generator/issues' },
44 silly resolved     homepage: 'https://github.com/expressjs/generator',
44 silly resolved     _id: 'express-generator@4.2.0',
44 silly resolved     dist:
44 silly resolved      { shasum: '98ede7b9d1cbab2ece9cd236511ab42f7bd9298a',
44 silly resolved        tarball: 'http://registry.npmjs.org/express-generator/-/express-generator-4.2.0.tgz' },
44 silly resolved     _from: 'express-generator@4',
44 silly resolved     _npmVersion: '1.4.6',
44 silly resolved     _npmUser: { name: 'shtylman', email: 'shtylman@gmail.com' },
44 silly resolved     maintainers: [ [Object], [Object], [Object], [Object], [Object], [Object] ],
44 silly resolved     directories: {},
44 silly resolved     _shasum: '98ede7b9d1cbab2ece9cd236511ab42f7bd9298a',
44 silly resolved     _resolved: 'https://registry.npmjs.org/express-generator/-/express-generator-4.2.0.tgz' } ]
45 info install express-generator@4.2.0 into /usr/local/lib
46 info installOne express-generator@4.2.0
47 verbose lib/node_modules/express-generator unbuild
48 verbose tar unpack /Users/dsaewitz/.npm/express-generator/4.2.0/package.tgz
49 silly lockFile 2135fd25-b-node-modules-express-generator tar:///usr/local/lib/node_modules/express-generator
50 verbose lock tar:///usr/local/lib/node_modules/express-generator /Users/dsaewitz/.npm/2135fd25-b-node-modules-express-generator.lock
51 silly lockFile 22b8dbeb-ress-generator-4-2-0-package-tgz tar:///Users/dsaewitz/.npm/express-generator/4.2.0/package.tgz
52 verbose lock tar:///Users/dsaewitz/.npm/express-generator/4.2.0/package.tgz /Users/dsaewitz/.npm/22b8dbeb-ress-generator-4-2-0-package-tgz.lock
53 silly gunzTarPerm modes [ '755', '644' ]
54 silly gunzTarPerm extractEntry package.json
55 silly gunzTarPerm extractEntry .npmignore
56 silly gunzTarPerm extractEntry README.md
57 silly gunzTarPerm extractEntry LICENSE
58 silly gunzTarPerm extractEntry bin/express
59 silly gunzTarPerm extractEntry templates/css/style.css
60 silly gunzTarPerm extractEntry templates/css/style.less
61 silly gunzTarPerm extractEntry templates/css/style.scss
62 silly gunzTarPerm extractEntry templates/css/style.styl
63 silly gunzTarPerm extractEntry templates/ejs/error.ejs
64 silly gunzTarPerm extractEntry templates/ejs/index.ejs
65 silly gunzTarPerm extractEntry templates/hogan/error.hjs
66 silly gunzTarPerm extractEntry templates/hogan/index.hjs
67 silly gunzTarPerm extractEntry templates/jade/error.jade
68 silly gunzTarPerm extractEntry templates/jade/index.jade
69 silly gunzTarPerm extractEntry templates/jade/layout.jade
70 silly gunzTarPerm extractEntry templates/js/app.js
71 silly gunzTarPerm extractEntry templates/js/routes/index.js
72 silly gunzTarPerm extractEntry templates/js/routes/users.js
73 silly gunzTarPerm extractEntry templates/js/www
74 silly lockFile 2135fd25-b-node-modules-express-generator tar:///usr/local/lib/node_modules/express-generator
75 silly lockFile 2135fd25-b-node-modules-express-generator tar:///usr/local/lib/node_modules/express-generator
76 silly lockFile 22b8dbeb-ress-generator-4-2-0-package-tgz tar:///Users/dsaewitz/.npm/express-generator/4.2.0/package.tgz
77 silly lockFile 22b8dbeb-ress-generator-4-2-0-package-tgz tar:///Users/dsaewitz/.npm/express-generator/4.2.0/package.tgz
78 info preinstall express-generator@4.2.0
79 verbose readDependencies using package.json deps
80 verbose readDependencies using package.json deps
81 verbose cache add [ 'commander@1.3.2', null ]
82 verbose cache add name=undefined spec="commander@1.3.2" args=["commander@1.3.2",null]
83 verbose parsed url { protocol: null,
83 verbose parsed url   slashes: null,
83 verbose parsed url   auth: null,
83 verbose parsed url   host: null,
83 verbose parsed url   port: null,
83 verbose parsed url   hostname: null,
83 verbose parsed url   hash: null,
83 verbose parsed url   search: null,
83 verbose parsed url   query: null,
83 verbose parsed url   pathname: 'commander@1.3.2',
83 verbose parsed url   path: 'commander@1.3.2',
83 verbose parsed url   href: 'commander@1.3.2' }
84 verbose cache add [ 'mkdirp@0.3.5', null ]
85 verbose cache add name=undefined spec="mkdirp@0.3.5" args=["mkdirp@0.3.5",null]
86 verbose parsed url { protocol: null,
86 verbose parsed url   slashes: null,
86 verbose parsed url   auth: null,
86 verbose parsed url   host: null,
86 verbose parsed url   port: null,
86 verbose parsed url   hostname: null,
86 verbose parsed url   hash: null,
86 verbose parsed url   search: null,
86 verbose parsed url   query: null,
86 verbose parsed url   pathname: 'mkdirp@0.3.5',
86 verbose parsed url   path: 'mkdirp@0.3.5',
86 verbose parsed url   href: 'mkdirp@0.3.5' }
87 verbose cache add name="commander" spec="1.3.2" args=["commander","1.3.2"]
88 verbose parsed url { protocol: null,
88 verbose parsed url   slashes: null,
88 verbose parsed url   auth: null,
88 verbose parsed url   host: null,
88 verbose parsed url   port: null,
88 verbose parsed url   hostname: null,
88 verbose parsed url   hash: null,
88 verbose parsed url   search: null,
88 verbose parsed url   query: null,
88 verbose parsed url   pathname: '1.3.2',
88 verbose parsed url   path: '1.3.2',
88 verbose parsed url   href: '1.3.2' }
89 verbose addNamed [ 'commander', '1.3.2' ]
90 verbose addNamed [ '1.3.2', '1.3.2' ]
91 silly lockFile 2016e061-commander-1-3-2 commander@1.3.2
92 verbose lock commander@1.3.2 /Users/dsaewitz/.npm/2016e061-commander-1-3-2.lock
93 verbose cache add name="mkdirp" spec="0.3.5" args=["mkdirp","0.3.5"]
94 verbose parsed url { protocol: null,
94 verbose parsed url   slashes: null,
94 verbose parsed url   auth: null,
94 verbose parsed url   host: null,
94 verbose parsed url   port: null,
94 verbose parsed url   hostname: null,
94 verbose parsed url   hash: null,
94 verbose parsed url   search: null,
94 verbose parsed url   query: null,
94 verbose parsed url   pathname: '0.3.5',
94 verbose parsed url   path: '0.3.5',
94 verbose parsed url   href: '0.3.5' }
95 verbose addNamed [ 'mkdirp', '0.3.5' ]
96 verbose addNamed [ '0.3.5', '0.3.5' ]
97 silly lockFile 67d2df2a-mkdirp-0-3-5 mkdirp@0.3.5
98 verbose lock mkdirp@0.3.5 /Users/dsaewitz/.npm/67d2df2a-mkdirp-0-3-5.lock
99 verbose request where is /mkdirp
100 verbose request registry https://registry.npmjs.org/
101 verbose url raw /mkdirp
102 verbose url resolving [ 'https://registry.npmjs.org/', './mkdirp' ]
103 verbose url resolved https://registry.npmjs.org/mkdirp
104 verbose request where is https://registry.npmjs.org/mkdirp
105 info trying registry request attempt 1 at 23:44:00
106 verbose etag "F17Q7UKYGSABJTXY4YCL38IZK"
107 http GET https://registry.npmjs.org/mkdirp
108 verbose request where is /commander
109 verbose request registry https://registry.npmjs.org/
110 verbose url raw /commander
111 verbose url resolving [ 'https://registry.npmjs.org/', './commander' ]
112 verbose url resolved https://registry.npmjs.org/commander
113 verbose request where is https://registry.npmjs.org/commander
114 info trying registry request attempt 1 at 23:44:00
115 verbose etag "DURP3HNO4ODTCN1F72LV11SM5"
116 http GET https://registry.npmjs.org/commander
117 http 304 https://registry.npmjs.org/mkdirp
118 silly registry.get cb [ 304,
118 silly registry.get   { date: 'Wed, 13 Aug 2014 03:44:00 GMT',
118 silly registry.get     server: 'Apache',
118 silly registry.get     via: '1.1 varnish',
118 silly registry.get     'last-modified': 'Wed, 13 Aug 2014 03:43:52 GMT',
118 silly registry.get     'cache-control': 'max-age=60',
118 silly registry.get     etag: '"F17Q7UKYGSABJTXY4YCL38IZK"',
118 silly registry.get     'x-served-by': 'cache-iad2121-IAD',
118 silly registry.get     'x-cache': 'HIT',
118 silly registry.get     'x-cache-hits': '2',
118 silly registry.get     'x-timer': 'S1407901440.073777,VS0,VE0',
118 silly registry.get     vary: 'Accept',
118 silly registry.get     'content-length': '0',
118 silly registry.get     'keep-alive': 'timeout=10, max=50',
118 silly registry.get     connection: 'Keep-Alive' } ]
119 verbose etag https://registry.npmjs.org/mkdirp from cache
120 silly lockFile 67d2df2a-mkdirp-0-3-5 mkdirp@0.3.5
121 silly lockFile 67d2df2a-mkdirp-0-3-5 mkdirp@0.3.5
122 http 304 https://registry.npmjs.org/commander
123 silly registry.get cb [ 304,
123 silly registry.get   { date: 'Wed, 13 Aug 2014 03:44:00 GMT',
123 silly registry.get     server: 'Apache',
123 silly registry.get     via: '1.1 varnish',
123 silly registry.get     'last-modified': 'Wed, 13 Aug 2014 03:44:00 GMT',
123 silly registry.get     'cache-control': 'max-age=60',
123 silly registry.get     etag: '"DURP3HNO4ODTCN1F72LV11SM5"',
123 silly registry.get     'x-served-by': 'cache-iad2135-IAD',
123 silly registry.get     'x-cache': 'HIT',
123 silly registry.get     'x-cache-hits': '1',
123 silly registry.get     'x-timer': 'S1407901440.129475,VS0,VE415',
123 silly registry.get     vary: 'Accept',
123 silly registry.get     'content-length': '0',
123 silly registry.get     'keep-alive': 'timeout=10, max=50',
123 silly registry.get     connection: 'Keep-Alive' } ]
124 verbose etag https://registry.npmjs.org/commander from cache
125 silly lockFile 2016e061-commander-1-3-2 commander@1.3.2
126 silly lockFile 2016e061-commander-1-3-2 commander@1.3.2
127 silly resolved [ { name: 'mkdirp',
127 silly resolved     description: 'Recursively mkdir, like `mkdir -p`',
127 silly resolved     version: '0.3.5',
127 silly resolved     author:
127 silly resolved      { name: 'James Halliday',
127 silly resolved        email: 'mail@substack.net',
127 silly resolved        url: 'http://substack.net' },
127 silly resolved     main: './index',
127 silly resolved     keywords: [ 'mkdir', 'directory' ],
127 silly resolved     repository:
127 silly resolved      { type: 'git',
127 silly resolved        url: 'http://github.com/substack/node-mkdirp.git' },
127 silly resolved     scripts: { test: 'tap test/*.js' },
127 silly resolved     devDependencies: { tap: '~0.4.0' },
127 silly resolved     license: 'MIT',
127 silly resolved     _id: 'mkdirp@0.3.5',
127 silly resolved     dist:
127 silly resolved      { shasum: 'de3e5f8961c88c787ee1368df849ac4413eca8d7',
127 silly resolved        tarball: 'http://registry.npmjs.org/mkdirp/-/mkdirp-0.3.5.tgz' },
127 silly resolved     _from: 'mkdirp@0.3.5',
127 silly resolved     _npmVersion: '1.2.2',
127 silly resolved     _npmUser: { name: 'substack', email: 'mail@substack.net' },
127 silly resolved     maintainers: [ [Object] ],
127 silly resolved     directories: {},
127 silly resolved     _shasum: 'de3e5f8961c88c787ee1368df849ac4413eca8d7',
127 silly resolved     _resolved: 'https://registry.npmjs.org/mkdirp/-/mkdirp-0.3.5.tgz',
127 silly resolved     bugs: { url: 'https://github.com/substack/node-mkdirp/issues' },
127 silly resolved     readme: 'ERROR: No README data found!',
127 silly resolved     homepage: 'https://github.com/substack/node-mkdirp' },
127 silly resolved   { name: 'commander',
127 silly resolved     version: '1.3.2',
127 silly resolved     description: 'the complete solution for node.js command-line programs',
127 silly resolved     keywords: [ 'command', 'option', 'parser', 'prompt', 'stdin' ],
127 silly resolved     author: { name: 'TJ Holowaychuk', email: 'tj@vision-media.ca' },
127 silly resolved     repository:
127 silly resolved      { type: 'git',
127 silly resolved        url: 'https://github.com/visionmedia/commander.js.git' },
127 silly resolved     dependencies: { keypress: '0.1.x' },
127 silly resolved     devDependencies: { should: '>= 0.0.1' },
127 silly resolved     scripts: { test: 'make test' },
127 silly resolved     main: 'index',
127 silly resolved     engines: { node: '>= 0.6.x' },
127 silly resolved     bugs: { url: 'https://github.com/visionmedia/commander.js/issues' },
127 silly resolved     _id: 'commander@1.3.2',
127 silly resolved     dist:
127 silly resolved      { shasum: '8a8f30ec670a6fdd64af52f1914b907d79ead5b5',
127 silly resolved        tarball: 'http://registry.npmjs.org/commander/-/commander-1.3.2.tgz' },
127 silly resolved     _from: 'commander@1.3.2',
127 silly resolved     _npmVersion: '1.2.30',
127 silly resolved     _npmUser: { name: 'tjholowaychuk', email: 'tj@vision-media.ca' },
127 silly resolved     maintainers: [ [Object] ],
127 silly resolved     directories: {},
127 silly resolved     _shasum: '8a8f30ec670a6fdd64af52f1914b907d79ead5b5',
127 silly resolved     _resolved: 'https://registry.npmjs.org/commander/-/commander-1.3.2.tgz',
127 silly resolved     readme: 'ERROR: No README data found!',
127 silly resolved     homepage: 'https://github.com/visionmedia/commander.js' } ]
128 info install mkdirp@0.3.5 into /usr/local/lib/node_modules/express-generator
129 info install commander@1.3.2 into /usr/local/lib/node_modules/express-generator
130 info installOne mkdirp@0.3.5
131 info installOne commander@1.3.2
132 verbose lib/node_modules/express-generator/node_modules/mkdirp unbuild
133 verbose lib/node_modules/express-generator/node_modules/commander unbuild
134 verbose tar unpack /Users/dsaewitz/.npm/mkdirp/0.3.5/package.tgz
135 silly lockFile 0bdec806-ss-generator-node-modules-mkdirp tar:///usr/local/lib/node_modules/express-generator/node_modules/mkdirp
136 verbose lock tar:///usr/local/lib/node_modules/express-generator/node_modules/mkdirp /Users/dsaewitz/.npm/0bdec806-ss-generator-node-modules-mkdirp.lock
137 silly lockFile f36c4fe2-itz-npm-mkdirp-0-3-5-package-tgz tar:///Users/dsaewitz/.npm/mkdirp/0.3.5/package.tgz
138 verbose lock tar:///Users/dsaewitz/.npm/mkdirp/0.3.5/package.tgz /Users/dsaewitz/.npm/f36c4fe2-itz-npm-mkdirp-0-3-5-package-tgz.lock
139 verbose tar unpack /Users/dsaewitz/.npm/commander/1.3.2/package.tgz
140 silly lockFile 4e8cd737-generator-node-modules-commander tar:///usr/local/lib/node_modules/express-generator/node_modules/commander
141 verbose lock tar:///usr/local/lib/node_modules/express-generator/node_modules/commander /Users/dsaewitz/.npm/4e8cd737-generator-node-modules-commander.lock
142 silly lockFile 913dd1ef--npm-commander-1-3-2-package-tgz tar:///Users/dsaewitz/.npm/commander/1.3.2/package.tgz
143 verbose lock tar:///Users/dsaewitz/.npm/commander/1.3.2/package.tgz /Users/dsaewitz/.npm/913dd1ef--npm-commander-1-3-2-package-tgz.lock
144 silly gunzTarPerm modes [ '755', '644' ]
145 silly gunzTarPerm modes [ '755', '644' ]
146 silly gunzTarPerm extractEntry package.json
147 silly gunzTarPerm extractEntry package.json
148 silly gunzTarPerm extractEntry .npmignore
149 silly gunzTarPerm extractEntry LICENSE
150 silly gunzTarPerm extractEntry index.js
151 silly gunzTarPerm extractEntry History.md
152 silly gunzTarPerm extractEntry Readme.md
153 silly gunzTarPerm extractEntry index.js
154 silly gunzTarPerm extractEntry examples/pow.js
155 silly gunzTarPerm extractEntry readme.markdown
156 silly gunzTarPerm extractEntry test/perm.js
157 silly gunzTarPerm extractEntry test/perm_sync.js
158 silly gunzTarPerm extractEntry test/race.js
159 silly gunzTarPerm extractEntry test/rel.js
160 silly gunzTarPerm extractEntry test/return.js
161 silly gunzTarPerm extractEntry test/clobber.js
162 silly gunzTarPerm extractEntry test/root.js
163 silly gunzTarPerm extractEntry test/umask.js
164 silly gunzTarPerm extractEntry test/sync.js
165 silly gunzTarPerm extractEntry test/chmod.js
166 silly gunzTarPerm extractEntry test/umask_sync.js
167 silly gunzTarPerm extractEntry test/return_sync.js
168 silly gunzTarPerm extractEntry test/mkdirp.js
169 silly gunzTarPerm extractEntry .travis.yml
170 silly lockFile 4e8cd737-generator-node-modules-commander tar:///usr/local/lib/node_modules/express-generator/node_modules/commander
171 silly lockFile 4e8cd737-generator-node-modules-commander tar:///usr/local/lib/node_modules/express-generator/node_modules/commander
172 silly lockFile 913dd1ef--npm-commander-1-3-2-package-tgz tar:///Users/dsaewitz/.npm/commander/1.3.2/package.tgz
173 silly lockFile 913dd1ef--npm-commander-1-3-2-package-tgz tar:///Users/dsaewitz/.npm/commander/1.3.2/package.tgz
174 info preinstall commander@1.3.2
175 verbose readDependencies using package.json deps
176 verbose readDependencies using package.json deps
177 verbose cache add [ 'keypress@0.1.x', null ]
178 verbose cache add name=undefined spec="keypress@0.1.x" args=["keypress@0.1.x",null]
179 verbose parsed url { protocol: null,
179 verbose parsed url   slashes: null,
179 verbose parsed url   auth: null,
179 verbose parsed url   host: null,
179 verbose parsed url   port: null,
179 verbose parsed url   hostname: null,
179 verbose parsed url   hash: null,
179 verbose parsed url   search: null,
179 verbose parsed url   query: null,
179 verbose parsed url   pathname: 'keypress@0.1.x',
179 verbose parsed url   path: 'keypress@0.1.x',
179 verbose parsed url   href: 'keypress@0.1.x' }
180 verbose cache add name="keypress" spec="0.1.x" args=["keypress","0.1.x"]
181 verbose parsed url { protocol: null,
181 verbose parsed url   slashes: null,
181 verbose parsed url   auth: null,
181 verbose parsed url   host: null,
181 verbose parsed url   port: null,
181 verbose parsed url   hostname: null,
181 verbose parsed url   hash: null,
181 verbose parsed url   search: null,
181 verbose parsed url   query: null,
181 verbose parsed url   pathname: '0.1.x',
181 verbose parsed url   path: '0.1.x',
181 verbose parsed url   href: '0.1.x' }
182 verbose addNamed [ 'keypress', '0.1.x' ]
183 verbose addNamed [ null, '>=0.1.0-0 <0.2.0-0' ]
184 silly lockFile a3a73622-keypress-0-1-x keypress@0.1.x
185 verbose lock keypress@0.1.x /Users/dsaewitz/.npm/a3a73622-keypress-0-1-x.lock
186 silly addNameRange { name: 'keypress', range: '>=0.1.0-0 <0.2.0-0', hasData: false }
187 verbose request where is /keypress
188 verbose request registry https://registry.npmjs.org/
189 verbose url raw /keypress
190 verbose url resolving [ 'https://registry.npmjs.org/', './keypress' ]
191 verbose url resolved https://registry.npmjs.org/keypress
192 verbose request where is https://registry.npmjs.org/keypress
193 info trying registry request attempt 1 at 23:44:01
194 verbose etag "521D20OTX0DOLK5CC35G69PHV"
195 http GET https://registry.npmjs.org/keypress
196 silly lockFile 0bdec806-ss-generator-node-modules-mkdirp tar:///usr/local/lib/node_modules/express-generator/node_modules/mkdirp
197 silly lockFile 0bdec806-ss-generator-node-modules-mkdirp tar:///usr/local/lib/node_modules/express-generator/node_modules/mkdirp
198 silly lockFile f36c4fe2-itz-npm-mkdirp-0-3-5-package-tgz tar:///Users/dsaewitz/.npm/mkdirp/0.3.5/package.tgz
199 silly lockFile f36c4fe2-itz-npm-mkdirp-0-3-5-package-tgz tar:///Users/dsaewitz/.npm/mkdirp/0.3.5/package.tgz
200 info preinstall mkdirp@0.3.5
201 verbose readDependencies using package.json deps
202 verbose readDependencies using package.json deps
203 silly resolved []
204 verbose about to build /usr/local/lib/node_modules/express-generator/node_modules/mkdirp
205 info build /usr/local/lib/node_modules/express-generator/node_modules/mkdirp
206 verbose linkStuff [ true,
206 verbose linkStuff   '/usr/local/lib/node_modules',
206 verbose linkStuff   false,
206 verbose linkStuff   '/usr/local/lib/node_modules/express-generator/node_modules' ]
207 info linkStuff mkdirp@0.3.5
208 verbose linkBins mkdirp@0.3.5
209 verbose linkMans mkdirp@0.3.5
210 verbose rebuildBundles mkdirp@0.3.5
211 info install mkdirp@0.3.5
212 info postinstall mkdirp@0.3.5
213 http 304 https://registry.npmjs.org/keypress
214 silly registry.get cb [ 304,
214 silly registry.get   { date: 'Wed, 13 Aug 2014 03:44:00 GMT',
214 silly registry.get     server: 'Apache',
214 silly registry.get     via: '1.1 varnish',
214 silly registry.get     'last-modified': 'Wed, 13 Aug 2014 03:43:22 GMT',
214 silly registry.get     'cache-control': 'max-age=60',
214 silly registry.get     etag: '"521D20OTX0DOLK5CC35G69PHV"',
214 silly registry.get     'x-served-by': 'cache-iad2129-IAD',
214 silly registry.get     'x-cache': 'HIT',
214 silly registry.get     'x-cache-hits': '3',
214 silly registry.get     'x-timer': 'S1407901440.732865,VS0,VE0',
214 silly registry.get     vary: 'Accept',
214 silly registry.get     'content-length': '0',
214 silly registry.get     'keep-alive': 'timeout=10, max=50',
214 silly registry.get     connection: 'Keep-Alive' } ]
215 verbose etag https://registry.npmjs.org/keypress from cache
216 silly addNameRange number 2 { name: 'keypress', range: '>=0.1.0-0 <0.2.0-0', hasData: true }
217 silly addNameRange versions [ 'keypress', [ '0.0.1', '0.0.2', '0.1.0', '0.2.0', '0.2.1' ] ]
218 verbose addNamed [ 'keypress', '0.1.0' ]
219 verbose addNamed [ '0.1.0', '0.1.0' ]
220 silly lockFile 22598b8c-keypress-0-1-0 keypress@0.1.0
221 verbose lock keypress@0.1.0 /Users/dsaewitz/.npm/22598b8c-keypress-0-1-0.lock
222 silly lockFile 22598b8c-keypress-0-1-0 keypress@0.1.0
223 silly lockFile 22598b8c-keypress-0-1-0 keypress@0.1.0
224 silly lockFile a3a73622-keypress-0-1-x keypress@0.1.x
225 silly lockFile a3a73622-keypress-0-1-x keypress@0.1.x
226 silly resolved [ { name: 'keypress',
226 silly resolved     version: '0.1.0',
226 silly resolved     description: 'Make any Node ReadableStream emit "keypress" events',
226 silly resolved     author:
226 silly resolved      { name: 'Nathan Rajlich',
226 silly resolved        email: 'nathan@tootallnate.net',
226 silly resolved        url: 'http://tootallnate.net' },
226 silly resolved     main: 'index.js',
226 silly resolved     scripts: { test: 'echo "Error: no test specified" && exit 1' },
226 silly resolved     repository:
226 silly resolved      { type: 'git',
226 silly resolved        url: 'git://github.com/TooTallNate/keypress.git' },
226 silly resolved     keywords: [ 'keypress', 'readline', 'core' ],
226 silly resolved     license: 'MIT',
226 silly resolved     readme: 'keypress\n========\n### Make any Node ReadableStream emit "keypress" events\n\n\nPrevious to Node `v0.8.x`, there was an undocumented `"keypress"` event that\n`process.stdin` would emit when it was a TTY. Some people discovered this hidden\ngem, and started using it in their own code.\n\nNow in Node `v0.8.x`, this `"keypress"` event does not get emitted by default,\nbut rather only when it is being used in conjuction with the `readline` (or by\nextension, the `repl`) module.\n\nThis module is the exact logic from the node `v0.8.x` releases ripped out into its\nown module.\n\n__Bonus:__ Now with mouse support!\n\nInstallation\n------------\n\nInstall with `npm`:\n\n``` bash\n$ npm install keypress\n```\n\nOr add it to the `"dependencies"` section of your _package.json_ file.\n\n\nExample\n-------\n\n#### Listening for "keypress" events\n\n``` js\nvar keypress = require(\'keypress\');\n\n// make `process.stdin` begin emitting "keypress" events\nkeypress(process.stdin);\n\n// listen for the "keypress" event\nprocess.stdin.on(\'keypress\', function (ch, key) {\n  console.log(\'got "keypress"\', key);\n  if (key && key.ctrl && key.name == \'c\') {\n    process.stdin.pause();\n  }\n});\n\nprocess.stdin.setRawMode(true);\nprocess.stdin.resume();\n```\n\n#### Listening for "mousepress" events\n\n``` js\nvar keypress = require(\'keypress\');\n\n// make `process.stdin` begin emitting "mousepress" (and "keypress") events\nkeypress(process.stdin);\n\n// you must enable the mouse events before they will begin firing\nkeypress.enableMouse(process.stdout);\n\nprocess.stdin.on(\'mousepress\', function (info) {\n  console.log(\'got "mousepress" event at %d x %d\', info.x, info.y);\n});\n\nprocess.on(\'exit\', function () {\n  // disable mouse on exit, so that the state\n  // is back to normal for the terminal\n  keypress.disableMouse(process.stdout);\n});\n```\n\n\nLicense\n-------\n\n(The MIT License)\n\nCopyright (c) 2012 Nathan Rajlich &lt;nathan@tootallnate.net&gt;\n\nPermission is hereby granted, free of charge, to any person obtaining\na copy of this software and associated documentation files (the\n\'Software\'), to deal in the Software without restriction, including\nwithout limitation the rights to use, copy, modify, merge, publish,\ndistribute, sublicense, and/or sell copies of the Software, and to\npermit persons to whom the Software is furnished to do so, subject to\nthe following conditions:\n\nThe above copyright notice and this permission notice shall be\nincluded in all copies or substantial portions of the Software.\n\nTHE SOFTWARE IS PROVIDED \'AS IS\', WITHOUT WARRANTY OF ANY KIND,\nEXPRESS OR IMPLIED, INCLUDING BUT NOT LIMITED TO THE WARRANTIES OF\nMERCHANTABILITY, FITNESS FOR A PARTICULAR PURPOSE AND NONINFRINGEMENT.\nIN NO EVENT SHALL THE AUTHORS OR COPYRIGHT HOLDERS BE LIABLE FOR ANY\nCLAIM, DAMAGES OR OTHER LIABILITY, WHETHER IN AN ACTION OF CONTRACT,\nTORT OR OTHERWISE, ARISING FROM, OUT OF OR IN CONNECTION WITH THE\nSOFTWARE OR THE USE OR OTHER DEALINGS IN THE SOFTWARE.\n',
226 silly resolved     _id: 'keypress@0.1.0',
226 silly resolved     dist:
226 silly resolved      { shasum: '4a3188d4291b66b4f65edb99f806aa9ae293592a',
226 silly resolved        tarball: 'http://registry.npmjs.org/keypress/-/keypress-0.1.0.tgz' },
226 silly resolved     maintainers: [ [Object] ],
226 silly resolved     directories: {},
226 silly resolved     _shasum: '4a3188d4291b66b4f65edb99f806aa9ae293592a',
226 silly resolved     _from: 'keypress@0.1.x',
226 silly resolved     _resolved: 'https://registry.npmjs.org/keypress/-/keypress-0.1.0.tgz',
226 silly resolved     bugs: { url: 'https://github.com/TooTallNate/keypress/issues' },
226 silly resolved     homepage: 'https://github.com/TooTallNate/keypress' } ]
227 info install keypress@0.1.0 into /usr/local/lib/node_modules/express-generator/node_modules/commander
228 info installOne keypress@0.1.0
229 verbose lib/node_modules/express-generator/node_modules/commander/node_modules/keypress unbuild
230 verbose tar unpack /Users/dsaewitz/.npm/keypress/0.1.0/package.tgz
231 silly lockFile a7c9bd34--commander-node-modules-keypress tar:///usr/local/lib/node_modules/express-generator/node_modules/commander/node_modules/keypress
232 verbose lock tar:///usr/local/lib/node_modules/express-generator/node_modules/commander/node_modules/keypress /Users/dsaewitz/.npm/a7c9bd34--commander-node-modules-keypress.lock
233 silly lockFile c048c23b-z-npm-keypress-0-1-0-package-tgz tar:///Users/dsaewitz/.npm/keypress/0.1.0/package.tgz
234 verbose lock tar:///Users/dsaewitz/.npm/keypress/0.1.0/package.tgz /Users/dsaewitz/.npm/c048c23b-z-npm-keypress-0-1-0-package-tgz.lock
235 silly gunzTarPerm modes [ '755', '644' ]
236 silly gunzTarPerm extractEntry package.json
237 silly gunzTarPerm extractEntry README.md
238 silly gunzTarPerm extractEntry index.js
239 silly gunzTarPerm extractEntry test.js
240 silly lockFile a7c9bd34--commander-node-modules-keypress tar:///usr/local/lib/node_modules/express-generator/node_modules/commander/node_modules/keypress
241 silly lockFile a7c9bd34--commander-node-modules-keypress tar:///usr/local/lib/node_modules/express-generator/node_modules/commander/node_modules/keypress
242 silly lockFile c048c23b-z-npm-keypress-0-1-0-package-tgz tar:///Users/dsaewitz/.npm/keypress/0.1.0/package.tgz
243 silly lockFile c048c23b-z-npm-keypress-0-1-0-package-tgz tar:///Users/dsaewitz/.npm/keypress/0.1.0/package.tgz
244 info preinstall keypress@0.1.0
245 verbose readDependencies using package.json deps
246 verbose readDependencies using package.json deps
247 silly resolved []
248 verbose about to build /usr/local/lib/node_modules/express-generator/node_modules/commander/node_modules/keypress
249 info build /usr/local/lib/node_modules/express-generator/node_modules/commander/node_modules/keypress
250 verbose linkStuff [ true,
250 verbose linkStuff   '/usr/local/lib/node_modules',
250 verbose linkStuff   false,
250 verbose linkStuff   '/usr/local/lib/node_modules/express-generator/node_modules/commander/node_modules' ]
251 info linkStuff keypress@0.1.0
252 verbose linkBins keypress@0.1.0
253 verbose linkMans keypress@0.1.0
254 verbose rebuildBundles keypress@0.1.0
255 info install keypress@0.1.0
256 info postinstall keypress@0.1.0
257 verbose about to build /usr/local/lib/node_modules/express-generator/node_modules/commander
258 info build /usr/local/lib/node_modules/express-generator/node_modules/commander
259 verbose linkStuff [ true,
259 verbose linkStuff   '/usr/local/lib/node_modules',
259 verbose linkStuff   false,
259 verbose linkStuff   '/usr/local/lib/node_modules/express-generator/node_modules' ]
260 info linkStuff commander@1.3.2
261 verbose linkBins commander@1.3.2
262 verbose linkMans commander@1.3.2
263 verbose rebuildBundles commander@1.3.2
264 verbose rebuildBundles [ 'keypress' ]
265 info install commander@1.3.2
266 info postinstall commander@1.3.2
267 verbose about to build /usr/local/lib/node_modules/express-generator
268 info build /usr/local/lib/node_modules/express-generator
269 verbose linkStuff [ true,
269 verbose linkStuff   '/usr/local/lib/node_modules',
269 verbose linkStuff   true,
269 verbose linkStuff   '/usr/local/lib/node_modules' ]
270 info linkStuff express-generator@4.2.0
271 verbose linkBins express-generator@4.2.0
272 verbose link bins [ { express: './bin/express' }, '/usr/local/bin', true ]
273 verbose linkMans express-generator@4.2.0
274 verbose rebuildBundles express-generator@4.2.0
275 verbose rebuildBundles [ 'commander', 'mkdirp' ]
276 verbose lib/node_modules/express-generator unbuild
277 info preuninstall express-generator@4.2.0
278 info uninstall express-generator@4.2.0
279 verbose true,/usr/local/lib/node_modules,/usr/local/lib/node_modules unbuild express-generator@4.2.0
280 verbose /usr/local/bin,[object Object] binRoot
281 error error rolling back Error: Refusing to delete: /usr/local/bin/express not in /usr/local/lib/node_modules/express-generator
281 error error rolling back     at clobberFail (/usr/local/lib/node_modules/npm/lib/utils/gently-rm.js:57:12)
281 error error rolling back     at next (/usr/local/lib/node_modules/npm/lib/utils/gently-rm.js:43:14)
281 error error rolling back     at /usr/local/lib/node_modules/npm/lib/utils/gently-rm.js:52:12
281 error error rolling back     at Object.oncomplete (evalmachine.<anonymous>:107:15)
281 error error rolling back  express-generator@4.2.0 { [Error: Refusing to delete: /usr/local/bin/express not in /usr/local/lib/node_modules/express-generator] code: 'EEXIST', path: '/usr/local/bin/express' }
282 error Refusing to delete: /usr/local/bin/express not in /usr/local/lib/node_modules/express-generator
File exists: /usr/local/bin/express
Move it away, and try again.
283 error System Darwin 13.3.0
284 error command "node" "/usr/local/bin/npm" "install" "-g" "express-generator@4"
285 error cwd /Users/dsaewitz/y/gdspreadsheet
286 error node -v v0.10.30
287 error npm -v 1.4.21
288 error path /usr/local/bin/express
289 error code EEXIST
290 verbose exit [ 1, true ]
